-------------------------------------------------------------------------------
Test set: com.codedecode.microservices.CitizenService.CitizenServiceApplicationTests
-------------------------------------------------------------------------------
Tests run: 1, Failures: 0, Errors: 1, Skipped: 0, Time elapsed: 0.27 s <<< FAILURE! - in com.codedecode.microservices.CitizenService.CitizenServiceApplicationTests
com.codedecode.microservices.CitizenService.CitizenServiceApplicationTests  Time elapsed: 0.268 s  <<< ERROR!
java.lang.IllegalStateException: Unable to find a @SpringBootConfiguration, you need to use @ContextConfiguration or @SpringBootTest(classes=...) with your test

